TN:
SF:src\App.tsx
FN:25,(anonymous_0)
FNF:1
FNH:0
FNDA:0,(anonymous_0)
DA:23,0
DA:25,0
LF:2
LH:0
BRF:0
BRH:0
end_of_record
TN:
SF:src\components\CartModal.tsx
FN:17,(anonymous_0)
FN:24,(anonymous_1)
FN:32,(anonymous_2)
FN:36,(anonymous_3)
FN:44,(anonymous_4)
FN:103,(anonymous_5)
FN:129,(anonymous_6)
FN:143,(anonymous_7)
FN:157,(anonymous_8)
FN:189,(anonymous_9)
FN:190,(anonymous_10)
FNF:11
FNH:0
FNDA:0,(anonymous_0)
FNDA:0,(anonymous_1)
FNDA:0,(anonymous_2)
FNDA:0,(anonymous_3)
FNDA:0,(anonymous_4)
FNDA:0,(anonymous_5)
FNDA:0,(anonymous_6)
FNDA:0,(anonymous_7)
FNDA:0,(anonymous_8)
FNDA:0,(anonymous_9)
FNDA:0,(anonymous_10)
DA:17,0
DA:18,0
DA:19,0
DA:20,0
DA:21,0
DA:22,0
DA:24,0
DA:25,0
DA:26,0
DA:32,0
DA:33,0
DA:36,0
DA:37,0
DA:38,0
DA:44,0
DA:45,0
DA:46,0
DA:47,0
DA:48,0
DA:49,0
DA:51,0
DA:52,0
DA:55,0
DA:56,0
DA:81,0
DA:103,0
DA:129,0
DA:143,0
DA:157,0
DA:189,0
DA:191,0
LF:31
LH:0
BRDA:45,0,0,0
BRDA:45,0,1,0
BRDA:55,1,0,0
BRDA:55,1,1,0
BRDA:88,2,0,0
BRDA:88,2,1,0
BRDA:117,3,0,0
BRDA:117,3,1,0
BRF:8
BRH:0
end_of_record
TN:
SF:src\components\CheckoutModal.tsx
FN:51,calculateShippingOptions
FN:102,(anonymous_1)
FN:125,(anonymous_2)
FN:129,(anonymous_3)
FN:137,(anonymous_4)
FN:140,(anonymous_5)
FN:150,(anonymous_6)
FN:155,(anonymous_7)
FN:157,(anonymous_8)
FN:159,(anonymous_9)
FN:167,(anonymous_10)
FN:168,(anonymous_11)
FN:173,(anonymous_12)
FN:178,(anonymous_13)
FN:185,(anonymous_14)
FN:192,(anonymous_15)
FN:197,(anonymous_16)
FN:202,(anonymous_17)
FN:209,(anonymous_18)
FN:225,(anonymous_19)
FN:227,(anonymous_20)
FN:233,(anonymous_21)
FN:257,(anonymous_22)
FN:262,(anonymous_23)
FN:267,(anonymous_24)
FN:271,(anonymous_25)
FN:301,(anonymous_26)
FN:316,(anonymous_27)
FN:318,(anonymous_28)
FN:354,(anonymous_29)
FN:367,(anonymous_30)
FN:377,(anonymous_31)
FN:377,(anonymous_32)
FN:383,(anonymous_33)
FN:383,(anonymous_34)
FN:390,(anonymous_35)
FN:390,(anonymous_36)
FN:405,(anonymous_37)
FN:409,(anonymous_38)
FN:445,(anonymous_39)
FN:475,(anonymous_40)
FN:475,(anonymous_41)
FN:483,(anonymous_42)
FN:483,(anonymous_43)
FN:489,(anonymous_44)
FN:489,(anonymous_45)
FN:497,(anonymous_46)
FN:497,(anonymous_47)
FN:503,(anonymous_48)
FN:503,(anonymous_49)
FN:511,(anonymous_50)
FN:511,(anonymous_51)
FN:517,(anonymous_52)
FN:517,(anonymous_53)
FN:550,(anonymous_54)
FN:581,(anonymous_55)
FN:603,(anonymous_56)
FN:605,(anonymous_57)
FN:642,(anonymous_58)
FN:677,(anonymous_59)
FNF:60
FNH:0
FNDA:0,calculateShippingOptions
FNDA:0,(anonymous_1)
FNDA:0,(anonymous_2)
FNDA:0,(anonymous_3)
FNDA:0,(anonymous_4)
FNDA:0,(anonymous_5)
FNDA:0,(anonymous_6)
FNDA:0,(anonymous_7)
FNDA:0,(anonymous_8)
FNDA:0,(anonymous_9)
FNDA:0,(anonymous_10)
FNDA:0,(anonymous_11)
FNDA:0,(anonymous_12)
FNDA:0,(anonymous_13)
FNDA:0,(anonymous_14)
FNDA:0,(anonymous_15)
FNDA:0,(anonymous_16)
FNDA:0,(anonymous_17)
FNDA:0,(anonymous_18)
FNDA:0,(anonymous_19)
FNDA:0,(anonymous_20)
FNDA:0,(anonymous_21)
FNDA:0,(anonymous_22)
FNDA:0,(anonymous_23)
FNDA:0,(anonymous_24)
FNDA:0,(anonymous_25)
FNDA:0,(anonymous_26)
FNDA:0,(anonymous_27)
FNDA:0,(anonymous_28)
FNDA:0,(anonymous_29)
FNDA:0,(anonymous_30)
FNDA:0,(anonymous_31)
FNDA:0,(anonymous_32)
FNDA:0,(anonymous_33)
FNDA:0,(anonymous_34)
FNDA:0,(anonymous_35)
FNDA:0,(anonymous_36)
FNDA:0,(anonymous_37)
FNDA:0,(anonymous_38)
FNDA:0,(anonymous_39)
FNDA:0,(anonymous_40)
FNDA:0,(anonymous_41)
FNDA:0,(anonymous_42)
FNDA:0,(anonymous_43)
FNDA:0,(anonymous_44)
FNDA:0,(anonymous_45)
FNDA:0,(anonymous_46)
FNDA:0,(anonymous_47)
FNDA:0,(anonymous_48)
FNDA:0,(anonymous_49)
FNDA:0,(anonymous_50)
FNDA:0,(anonymous_51)
FNDA:0,(anonymous_52)
FNDA:0,(anonymous_53)
FNDA:0,(anonymous_54)
FNDA:0,(anonymous_55)
FNDA:0,(anonymous_56)
FNDA:0,(anonymous_57)
FNDA:0,(anonymous_58)
FNDA:0,(anonymous_59)
DA:21,0
DA:30,0
DA:38,0
DA:39,0
DA:41,0
DA:52,0
DA:53,0
DA:54,0
DA:55,0
DA:57,0
DA:59,0
DA:60,0
DA:63,0
DA:69,0
DA:90,0
DA:102,0
DA:103,0
DA:104,0
DA:105,0
DA:106,0
DA:107,0
DA:108,0
DA:109,0
DA:111,0
DA:112,0
DA:116,0
DA:117,0
DA:118,0
DA:120,0
DA:121,0
DA:122,0
DA:125,0
DA:126,0
DA:128,0
DA:129,0
DA:136,0
DA:138,0
DA:139,0
DA:140,0
DA:141,0
DA:142,0
DA:143,0
DA:155,0
DA:156,0
DA:157,0
DA:158,0
DA:159,0
DA:162,0
DA:163,0
DA:166,0
DA:167,0
DA:168,0
DA:169,0
DA:173,0
DA:174,0
DA:175,0
DA:178,0
DA:179,0
DA:181,0
DA:182,0
DA:185,0
DA:186,0
DA:187,0
DA:188,0
DA:189,0
DA:192,0
DA:197,0
DA:198,0
DA:199,0
DA:202,0
DA:203,0
DA:204,0
DA:205,0
DA:206,0
DA:207,0
DA:208,0
DA:209,0
DA:216,0
DA:218,0
DA:221,0
DA:225,0
DA:226,0
DA:227,0
DA:228,0
DA:233,0
DA:234,0
DA:235,0
DA:236,0
DA:237,0
DA:240,0
DA:241,0
DA:242,0
DA:243,0
DA:245,0
DA:246,0
DA:247,0
DA:250,0
DA:251,0
DA:252,0
DA:254,0
DA:257,0
DA:258,0
DA:259,0
DA:262,0
DA:263,0
DA:264,0
DA:267,0
DA:268,0
DA:269,0
DA:270,0
DA:271,0
DA:289,0
DA:292,0
DA:293,0
DA:304,0
DA:305,0
DA:307,0
DA:308,0
DA:310,0
DA:316,0
DA:319,0
DA:320,0
DA:321,0
DA:322,0
DA:347,0
DA:354,0
DA:355,0
DA:356,0
DA:357,0
DA:367,0
DA:368,0
DA:371,0
DA:377,0
DA:383,0
DA:390,0
DA:397,0
DA:405,0
DA:410,0
DA:411,0
DA:412,0
DA:446,0
DA:447,0
DA:448,0
DA:475,0
DA:483,0
DA:489,0
DA:497,0
DA:503,0
DA:511,0
DA:517,0
DA:527,0
DA:550,0
DA:578,0
DA:582,0
DA:583,0
DA:603,0
DA:605,0
DA:638,0
DA:642,0
DA:677,0
DA:695,0
LF:161
LH:0
BRDA:52,0,0,0
BRDA:52,0,1,0
BRDA:59,1,0,0
BRDA:59,1,1,0
BRDA:102,2,0,0
BRDA:126,3,0,0
BRDA:126,3,1,0
BRDA:128,4,0,0
BRDA:128,4,1,0
BRDA:131,5,0,0
BRDA:131,5,1,0
BRDA:131,5,2,0
BRDA:132,6,0,0
BRDA:132,6,1,0
BRDA:132,6,2,0
BRDA:139,7,0,0
BRDA:139,7,1,0
BRDA:140,8,0,0
BRDA:140,8,1,0
BRDA:145,9,0,0
BRDA:145,9,1,0
BRDA:156,10,0,0
BRDA:156,10,1,0
BRDA:156,11,0,0
BRDA:156,11,1,0
BRDA:158,12,0,0
BRDA:158,12,1,0
BRDA:159,13,0,0
BRDA:159,13,1,0
BRDA:162,14,0,0
BRDA:162,14,1,0
BRDA:169,15,0,0
BRDA:169,15,1,0
BRDA:179,16,0,0
BRDA:179,16,1,0
BRDA:179,17,0,0
BRDA:179,17,1,0
BRDA:188,18,0,0
BRDA:188,18,1,0
BRDA:199,19,0,0
BRDA:199,19,1,0
BRDA:204,20,0,0
BRDA:204,20,1,0
BRDA:208,21,0,0
BRDA:208,21,1,0
BRDA:228,22,0,0
BRDA:228,22,1,0
BRDA:234,23,0,0
BRDA:234,23,1,0
BRDA:235,24,0,0
BRDA:235,24,1,0
BRDA:235,25,0,0
BRDA:235,25,1,0
BRDA:235,25,2,0
BRDA:240,26,0,0
BRDA:240,26,1,0
BRDA:241,27,0,0
BRDA:241,27,1,0
BRDA:241,28,0,0
BRDA:241,28,1,0
BRDA:245,29,0,0
BRDA:245,29,1,0
BRDA:245,30,0,0
BRDA:245,30,1,0
BRDA:245,30,2,0
BRDA:245,30,3,0
BRDA:245,30,4,0
BRDA:245,30,5,0
BRDA:250,31,0,0
BRDA:250,31,1,0
BRDA:250,32,0,0
BRDA:250,32,1,0
BRDA:258,33,0,0
BRDA:258,33,1,0
BRDA:263,34,0,0
BRDA:263,34,1,0
BRDA:281,35,0,0
BRDA:281,35,1,0
BRDA:287,36,0,0
BRDA:287,36,1,0
BRDA:292,37,0,0
BRDA:292,37,1,0
BRDA:297,38,0,0
BRDA:297,38,1,0
BRDA:304,39,0,0
BRDA:304,39,1,0
BRDA:304,40,0,0
BRDA:304,40,1,0
BRDA:307,41,0,0
BRDA:307,41,1,0
BRDA:326,42,0,0
BRDA:326,42,1,0
BRDA:327,43,0,0
BRDA:327,43,1,0
BRDA:329,44,0,0
BRDA:329,44,1,0
BRDA:332,45,0,0
BRDA:332,45,1,0
BRDA:332,46,0,0
BRDA:332,46,1,0
BRDA:336,47,0,0
BRDA:336,47,1,0
BRDA:337,48,0,0
BRDA:337,48,1,0
BRDA:359,49,0,0
BRDA:359,49,1,0
BRDA:368,50,0,0
BRDA:368,50,1,0
BRDA:368,50,2,0
BRDA:368,50,3,0
BRDA:368,50,4,0
BRDA:400,51,0,0
BRDA:400,51,1,0
BRDA:414,52,0,0
BRDA:414,52,1,0
BRDA:419,53,0,0
BRDA:419,53,1,0
BRDA:419,54,0,0
BRDA:419,54,1,0
BRDA:425,55,0,0
BRDA:425,55,1,0
BRDA:426,56,0,0
BRDA:426,56,1,0
BRDA:428,57,0,0
BRDA:428,57,1,0
BRDA:434,58,0,0
BRDA:434,58,1,0
BRDA:451,59,0,0
BRDA:451,59,1,0
BRDA:459,60,0,0
BRDA:459,60,1,0
BRDA:464,61,0,0
BRDA:464,61,1,0
BRDA:536,62,0,0
BRDA:536,62,1,0
BRDA:543,63,0,0
BRDA:543,63,1,0
BRDA:553,64,0,0
BRDA:553,64,1,0
BRDA:562,65,0,0
BRDA:562,65,1,0
BRDA:563,66,0,0
BRDA:563,66,1,0
BRDA:586,67,0,0
BRDA:586,67,1,0
BRDA:598,68,0,0
BRDA:598,68,1,0
BRDA:598,68,2,0
BRDA:600,69,0,0
BRDA:600,69,1,0
BRDA:622,70,0,0
BRDA:622,70,1,0
BRDA:629,71,0,0
BRDA:629,71,1,0
BRDA:652,72,0,0
BRDA:652,72,1,0
BRDA:653,73,0,0
BRDA:653,73,1,0
BRDA:670,74,0,0
BRDA:670,74,1,0
BRDA:678,75,0,0
BRDA:678,75,1,0
BRDA:678,76,0,0
BRDA:678,76,1,0
BRDA:722,77,0,0
BRDA:722,77,1,0
BRDA:722,78,0,0
BRDA:722,78,1,0
BRDA:724,79,0,0
BRDA:724,79,1,0
BRDA:726,80,0,0
BRDA:726,80,1,0
BRDA:731,81,0,0
BRDA:731,81,1,0
BRF:174
BRH:0
end_of_record
TN:
SF:src\components\ErrorBoundary.tsx
FN:14,getDerivedStateFromError
FN:18,componentDidCatch
FN:22,render
FN:32,(anonymous_3)
FNF:4
FNH:4
FNDA:1,getDerivedStateFromError
FNDA:4,componentDidCatch
FNDA:17,render
FNDA:1,(anonymous_3)
DA:11,10
DA:15,8
DA:19,4
DA:23,17
DA:24,8
DA:32,1
DA:42,9
LF:7
LH:7
BRDA:23,0,0,8
BRDA:23,0,1,9
BRF:2
BRH:2
end_of_record
TN:
SF:src\components\Footer.tsx
FN:5,(anonymous_0)
FN:9,(anonymous_1)
FN:12,(anonymous_2)
FN:42,(anonymous_3)
FN:50,(anonymous_4)
FN:58,(anonymous_5)
FN:66,(anonymous_6)
FNF:7
FNH:7
FNDA:9,(anonymous_0)
FNDA:4,(anonymous_1)
FNDA:3,(anonymous_2)
FNDA:1,(anonymous_3)
FNDA:1,(anonymous_4)
FNDA:1,(anonymous_5)
FNDA:1,(anonymous_6)
DA:5,1
DA:6,9
DA:7,9
DA:9,9
DA:10,4
DA:11,4
DA:12,4
DA:13,3
DA:14,3
DA:18,9
DA:42,1
DA:50,1
DA:58,1
DA:66,1
LF:14
LH:14
BRF:0
BRH:0
end_of_record
TN:
SF:src\components\Header.tsx
FN:15,(anonymous_0)
FN:26,(anonymous_1)
FN:32,(anonymous_2)
FN:48,(anonymous_3)
FN:58,(anonymous_4)
FN:64,(anonymous_5)
FN:70,(anonymous_6)
FN:76,(anonymous_7)
FN:82,(anonymous_8)
FN:98,(anonymous_9)
FN:106,(anonymous_10)
FN:129,(anonymous_11)
FN:137,(anonymous_12)
FN:143,(anonymous_13)
FN:149,(anonymous_14)
FN:155,(anonymous_15)
FN:161,(anonymous_16)
FN:175,(anonymous_17)
FN:189,(anonymous_18)
FN:211,(anonymous_19)
FN:223,(anonymous_20)
FN:238,(anonymous_21)
FN:251,(anonymous_22)
FN:258,(anonymous_23)
FN:259,(anonymous_24)
FNF:25
FNH:8
FNDA:12,(anonymous_0)
FNDA:3,(anonymous_1)
FNDA:3,(anonymous_2)
FNDA:1,(anonymous_3)
FNDA:1,(anonymous_4)
FNDA:1,(anonymous_5)
FNDA:0,(anonymous_6)
FNDA:0,(anonymous_7)
FNDA:0,(anonymous_8)
FNDA:0,(anonymous_9)
FNDA:0,(anonymous_10)
FNDA:0,(anonymous_11)
FNDA:0,(anonymous_12)
FNDA:0,(anonymous_13)
FNDA:0,(anonymous_14)
FNDA:0,(anonymous_15)
FNDA:0,(anonymous_16)
FNDA:0,(anonymous_17)
FNDA:0,(anonymous_18)
FNDA:0,(anonymous_19)
FNDA:1,(anonymous_20)
FNDA:0,(anonymous_21)
FNDA:1,(anonymous_22)
FNDA:0,(anonymous_23)
FNDA:0,(anonymous_24)
DA:15,1
DA:16,12
DA:17,12
DA:18,12
DA:19,12
DA:20,12
DA:21,12
DA:22,12
DA:23,12
DA:24,12
DA:26,12
DA:27,3
DA:28,3
DA:29,3
DA:32,3
DA:33,3
DA:34,2
DA:36,1
DA:37,1
DA:38,0
DA:43,12
DA:48,1
DA:58,1
DA:64,1
DA:70,0
DA:76,0
DA:82,0
DA:98,0
DA:107,0
DA:108,0
DA:129,0
DA:137,0
DA:143,0
DA:149,0
DA:155,0
DA:161,0
DA:175,0
DA:190,0
DA:191,0
DA:211,0
DA:223,1
DA:238,0
DA:251,1
DA:258,0
DA:259,0
LF:45
LH:25
BRDA:33,0,0,2
BRDA:33,0,1,1
BRDA:37,1,0,0
BRDA:37,1,1,1
BRDA:59,2,0,12
BRDA:59,2,1,0
BRDA:65,3,0,0
BRDA:65,3,1,12
BRDA:71,4,0,0
BRDA:71,4,1,12
BRDA:77,5,0,0
BRDA:77,5,1,12
BRDA:83,6,0,0
BRDA:83,6,1,12
BRDA:90,7,0,12
BRDA:90,7,1,0
BRDA:119,8,0,12
BRDA:119,8,1,1
BRDA:138,9,0,1
BRDA:138,9,1,0
BRDA:144,10,0,0
BRDA:144,10,1,1
BRDA:150,11,0,0
BRDA:150,11,1,1
BRDA:156,12,0,0
BRDA:156,12,1,1
BRDA:162,13,0,0
BRDA:162,13,1,1
BRDA:170,14,0,0
BRDA:170,14,1,1
BRDA:177,15,0,0
BRDA:177,15,1,0
BRDA:226,16,0,12
BRDA:226,16,1,1
BRDA:238,17,0,0
BRDA:238,17,1,0
BRDA:240,18,0,0
BRDA:240,18,1,12
BRDA:253,19,0,1
BRDA:253,19,1,11
BRF:40
BRH:22
end_of_record
TN:
SF:src\components\Hero.tsx
FN:6,(anonymous_0)
FN:38,(anonymous_1)
FN:47,(anonymous_2)
FNF:3
FNH:3
FNDA:7,(anonymous_0)
FNDA:1,(anonymous_1)
FNDA:1,(anonymous_2)
DA:6,1
DA:7,7
DA:9,7
DA:38,1
DA:47,1
LF:5
LH:5
BRF:0
BRH:0
end_of_record
TN:
SF:src\components\ProductCard.tsx
FN:20,(anonymous_0)
FN:35,(anonymous_1)
FN:68,(anonymous_2)
FNF:3
FNH:3
FNDA:21,(anonymous_0)
FNDA:4,(anonymous_1)
FNDA:45,(anonymous_2)
DA:20,1
DA:32,21
DA:33,21
DA:35,21
DA:36,4
DA:37,4
DA:45,4
DA:50,21
DA:51,9
DA:68,45
DA:102,12
LF:11
LH:11
BRDA:28,0,0,21
BRDA:29,1,0,21
BRDA:50,2,0,9
BRDA:50,2,1,12
BRDA:59,3,0,9
BRDA:59,3,1,1
BRDA:69,4,0,35
BRDA:69,4,1,10
BRDA:79,5,0,9
BRDA:79,5,1,1
BRDA:112,6,0,12
BRDA:112,6,1,1
BRDA:129,7,0,21
BRDA:129,7,1,2
BRF:14
BRH:14
end_of_record
TN:
SF:src\components\ProductCarousel.tsx
FN:13,(anonymous_0)
FN:19,(anonymous_1)
FN:23,(anonymous_2)
FN:35,(anonymous_3)
FN:40,(anonymous_4)
FN:45,(anonymous_5)
FN:107,(anonymous_6)
FN:112,(anonymous_7)
FNF:8
FNH:5
FNDA:14,(anonymous_0)
FNDA:8,(anonymous_1)
FNDA:8,(anonymous_2)
FNDA:0,(anonymous_3)
FNDA:0,(anonymous_4)
FNDA:4,(anonymous_5)
FNDA:4,(anonymous_6)
FNDA:0,(anonymous_7)
DA:13,1
DA:14,14
DA:15,14
DA:16,14
DA:17,14
DA:19,14
DA:20,8
DA:23,14
DA:24,8
DA:25,8
DA:26,8
DA:27,6
DA:29,0
DA:31,6
DA:35,14
DA:36,0
DA:37,0
DA:40,14
DA:41,0
DA:42,0
DA:45,14
DA:59,14
DA:60,8
DA:75,6
DA:76,4
DA:91,2
DA:107,4
DA:112,0
LF:28
LH:22
BRDA:49,0,0,2
BRDA:49,0,1,2
BRDA:50,1,0,4
BRDA:50,1,1,0
BRDA:55,2,0,4
BRDA:55,2,1,0
BRDA:59,3,0,8
BRDA:59,3,1,6
BRDA:75,4,0,4
BRDA:75,4,1,2
BRDA:124,5,0,0
BRDA:124,5,1,2
BRF:12
BRH:9
end_of_record
TN:
SF:src\components\ProductFormModal.tsx
FN:24,(anonymous_0)
FN:40,(anonymous_1)
FN:58,(anonymous_2)
FN:61,(anonymous_3)
FN:62,(anonymous_4)
FN:69,(anonymous_5)
FN:75,(anonymous_6)
FN:76,(anonymous_7)
FN:110,(anonymous_8)
FN:116,(anonymous_9)
FN:123,(anonymous_10)
FN:134,(anonymous_11)
FN:138,(anonymous_12)
FN:144,(anonymous_13)
FN:145,(anonymous_14)
FN:148,(anonymous_15)
FN:172,(anonymous_16)
FN:172,(anonymous_17)
FN:182,(anonymous_18)
FN:182,(anonymous_19)
FN:193,(anonymous_20)
FN:193,(anonymous_21)
FN:204,(anonymous_22)
FN:204,(anonymous_23)
FN:218,(anonymous_24)
FN:218,(anonymous_25)
FN:231,(anonymous_26)
FN:231,(anonymous_27)
FN:256,(anonymous_28)
FN:265,(anonymous_29)
FN:266,(anonymous_30)
FN:294,(anonymous_31)
FN:302,(anonymous_32)
FN:311,(anonymous_33)
FN:320,(anonymous_34)
FN:323,(anonymous_35)
FN:341,(anonymous_36)
FN:341,(anonymous_37)
FNF:38
FNH:0
FNDA:0,(anonymous_0)
FNDA:0,(anonymous_1)
FNDA:0,(anonymous_2)
FNDA:0,(anonymous_3)
FNDA:0,(anonymous_4)
FNDA:0,(anonymous_5)
FNDA:0,(anonymous_6)
FNDA:0,(anonymous_7)
FNDA:0,(anonymous_8)
FNDA:0,(anonymous_9)
FNDA:0,(anonymous_10)
FNDA:0,(anonymous_11)
FNDA:0,(anonymous_12)
FNDA:0,(anonymous_13)
FNDA:0,(anonymous_14)
FNDA:0,(anonymous_15)
FNDA:0,(anonymous_16)
FNDA:0,(anonymous_17)
FNDA:0,(anonymous_18)
FNDA:0,(anonymous_19)
FNDA:0,(anonymous_20)
FNDA:0,(anonymous_21)
FNDA:0,(anonymous_22)
FNDA:0,(anonymous_23)
FNDA:0,(anonymous_24)
FNDA:0,(anonymous_25)
FNDA:0,(anonymous_26)
FNDA:0,(anonymous_27)
FNDA:0,(anonymous_28)
FNDA:0,(anonymous_29)
FNDA:0,(anonymous_30)
FNDA:0,(anonymous_31)
FNDA:0,(anonymous_32)
FNDA:0,(anonymous_33)
FNDA:0,(anonymous_34)
FNDA:0,(anonymous_35)
FNDA:0,(anonymous_36)
FNDA:0,(anonymous_37)
DA:24,0
DA:25,0
DA:26,0
DA:27,0
DA:28,0
DA:29,0
DA:40,0
DA:41,0
DA:42,0
DA:52,0
DA:54,0
DA:58,0
DA:59,0
DA:60,0
DA:61,0
DA:62,0
DA:64,0
DA:65,0
DA:69,0
DA:70,0
DA:71,0
DA:73,0
DA:74,0
DA:75,0
DA:76,0
DA:78,0
DA:90,0
DA:91,0
DA:92,0
DA:94,0
DA:95,0
DA:98,0
DA:99,0
DA:100,0
DA:102,0
DA:103,0
DA:104,0
DA:106,0
DA:110,0
DA:111,0
DA:112,0
DA:113,0
DA:116,0
DA:117,0
DA:118,0
DA:120,0
DA:121,0
DA:122,0
DA:123,0
DA:124,0
DA:126,0
DA:127,0
DA:128,0
DA:130,0
DA:134,0
DA:135,0
DA:138,0
DA:139,0
DA:140,0
DA:141,0
DA:144,0
DA:145,0
DA:148,0
DA:149,0
DA:150,0
DA:153,0
DA:172,0
DA:182,0
DA:193,0
DA:204,0
DA:218,0
DA:231,0
DA:256,0
DA:266,0
DA:267,0
DA:294,0
DA:302,0
DA:311,0
DA:320,0
DA:323,0
DA:341,0
LF:81
LH:0
BRDA:41,0,0,0
BRDA:41,0,1,0
BRDA:44,1,0,0
BRDA:44,1,1,0
BRDA:46,2,0,0
BRDA:46,2,1,0
BRDA:48,3,0,0
BRDA:48,3,1,0
BRDA:75,4,0,0
BRDA:75,4,1,0
BRDA:76,5,0,0
BRDA:76,5,1,0
BRDA:80,6,0,0
BRDA:80,6,1,0
BRDA:82,7,0,0
BRDA:82,7,1,0
BRDA:84,8,0,0
BRDA:84,8,1,0
BRDA:86,9,0,0
BRDA:86,9,1,0
BRDA:90,10,0,0
BRDA:90,10,1,0
BRDA:103,11,0,0
BRDA:103,11,1,0
BRDA:113,12,0,0
BRDA:113,12,1,0
BRDA:118,13,0,0
BRDA:118,13,1,0
BRDA:126,14,0,0
BRDA:126,14,1,0
BRDA:128,15,0,0
BRDA:128,15,1,0
BRDA:158,16,0,0
BRDA:158,16,1,0
BRDA:161,17,0,0
BRDA:161,17,1,0
BRDA:233,18,0,0
BRDA:233,18,1,0
BRDA:233,18,2,0
BRDA:233,18,3,0
BRDA:243,19,0,0
BRDA:243,19,1,0
BRDA:258,20,0,0
BRDA:258,20,1,0
BRDA:258,21,0,0
BRDA:258,21,1,0
BRDA:260,22,0,0
BRDA:260,22,1,0
BRDA:267,23,0,0
BRDA:267,23,1,0
BRDA:320,24,0,0
BRDA:320,24,1,0
BRDA:329,25,0,0
BRDA:329,25,1,0
BRDA:348,26,0,0
BRDA:348,26,1,0
BRDA:349,27,0,0
BRDA:349,27,1,0
BRDA:349,28,0,0
BRDA:349,28,1,0
BRF:60
BRH:0
end_of_record
TN:
SF:src\components\ProductGrid.tsx
FN:9,(anonymous_0)
FN:19,(anonymous_1)
FN:24,(anonymous_2)
FN:42,(anonymous_3)
FN:47,(anonymous_4)
FN:52,(anonymous_5)
FN:67,(anonymous_6)
FN:67,(anonymous_7)
FN:71,(anonymous_8)
FN:89,(anonymous_9)
FN:101,(anonymous_10)
FN:105,(anonymous_11)
FN:136,(anonymous_12)
FN:145,(anonymous_13)
FN:148,(anonymous_14)
FN:162,(anonymous_15)
FN:167,(anonymous_16)
FN:188,(anonymous_17)
FN:196,(anonymous_18)
FNF:19
FNH:14
FNDA:19,(anonymous_0)
FNDA:8,(anonymous_1)
FNDA:8,(anonymous_2)
FNDA:0,(anonymous_3)
FNDA:0,(anonymous_4)
FNDA:14,(anonymous_5)
FNDA:16,(anonymous_6)
FNDA:16,(anonymous_7)
FNDA:4,(anonymous_8)
FNDA:11,(anonymous_9)
FNDA:11,(anonymous_10)
FNDA:11,(anonymous_11)
FNDA:1,(anonymous_12)
FNDA:16,(anonymous_13)
FNDA:2,(anonymous_14)
FNDA:14,(anonymous_15)
FNDA:0,(anonymous_16)
FNDA:0,(anonymous_17)
FNDA:0,(anonymous_18)
DA:9,1
DA:10,19
DA:11,19
DA:12,19
DA:13,19
DA:14,19
DA:15,19
DA:16,19
DA:17,19
DA:19,19
DA:20,8
DA:21,8
DA:24,19
DA:25,8
DA:26,8
DA:27,8
DA:28,8
DA:34,7
DA:36,0
DA:38,7
DA:42,19
DA:43,0
DA:44,0
DA:47,19
DA:48,0
DA:49,0
DA:52,19
DA:66,19
DA:67,16
DA:70,19
DA:71,4
DA:74,19
DA:75,8
DA:86,11
DA:87,19
DA:89,19
DA:90,11
DA:91,11
DA:92,0
DA:93,0
DA:94,0
DA:95,0
DA:96,0
DA:97,11
DA:101,19
DA:102,11
DA:103,0
DA:105,11
DA:106,11
DA:107,0
DA:108,0
DA:109,0
DA:110,0
DA:111,0
DA:112,11
DA:115,11
DA:116,11
DA:118,0
DA:121,19
DA:136,1
DA:145,16
DA:148,2
DA:162,14
DA:167,0
DA:188,0
DA:196,0
LF:66
LH:46
BRDA:30,0,0,8
BRDA:30,0,1,8
BRDA:56,1,0,8
BRDA:56,1,1,6
BRDA:57,2,0,14
BRDA:57,2,1,0
BRDA:62,3,0,14
BRDA:62,3,1,0
BRDA:70,4,0,2
BRDA:70,4,1,17
BRDA:74,5,0,8
BRDA:74,5,1,11
BRDA:86,6,0,0
BRDA:86,6,1,11
BRDA:90,7,0,0
BRDA:90,7,1,11
BRDA:91,8,0,0
BRDA:91,8,1,0
BRDA:91,8,2,0
BRDA:91,8,3,0
BRDA:91,8,4,0
BRDA:91,8,5,11
BRDA:102,9,0,0
BRDA:102,9,1,11
BRDA:106,10,0,0
BRDA:106,10,1,0
BRDA:106,10,2,0
BRDA:106,10,3,0
BRDA:106,10,4,0
BRDA:106,10,5,11
BRDA:115,11,0,11
BRDA:115,11,1,0
BRDA:115,12,0,11
BRDA:115,12,1,11
BRDA:116,13,0,2
BRDA:116,13,1,9
BRDA:118,14,0,0
BRDA:118,14,1,0
BRDA:133,15,0,19
BRDA:133,15,1,8
BRDA:138,16,0,6
BRDA:138,16,1,2
BRDA:148,17,0,0
BRDA:148,17,1,2
BRDA:150,18,0,2
BRDA:150,18,1,14
BRDA:172,19,0,19
BRDA:172,19,1,3
BRDA:175,20,0,0
BRDA:175,20,1,3
BRDA:177,21,0,0
BRDA:177,21,1,3
BRDA:184,22,0,19
BRDA:184,22,1,11
BRDA:184,22,2,0
BRDA:186,23,0,0
BRDA:186,23,1,0
BRDA:208,24,0,0
BRDA:208,24,1,11
BRF:59
BRH:34
end_of_record
TN:
SF:src\components\ProductModal.tsx
FN:31,(anonymous_0)
FN:40,(anonymous_1)
FN:46,(anonymous_2)
FN:51,(anonymous_3)
FN:52,(anonymous_4)
FN:68,(anonymous_5)
FN:83,(anonymous_6)
FN:147,(anonymous_7)
FN:194,(anonymous_8)
FN:210,(anonymous_9)
FN:223,(anonymous_10)
FN:240,(anonymous_11)
FN:274,(anonymous_12)
FN:278,(anonymous_13)
FN:290,(anonymous_14)
FN:306,(anonymous_15)
FN:342,(anonymous_16)
FNF:17
FNH:0
FNDA:0,(anonymous_0)
FNDA:0,(anonymous_1)
FNDA:0,(anonymous_2)
FNDA:0,(anonymous_3)
FNDA:0,(anonymous_4)
FNDA:0,(anonymous_5)
FNDA:0,(anonymous_6)
FNDA:0,(anonymous_7)
FNDA:0,(anonymous_8)
FNDA:0,(anonymous_9)
FNDA:0,(anonymous_10)
FNDA:0,(anonymous_11)
FNDA:0,(anonymous_12)
FNDA:0,(anonymous_13)
FNDA:0,(anonymous_14)
FNDA:0,(anonymous_15)
FNDA:0,(anonymous_16)
DA:31,0
DA:32,0
DA:33,0
DA:34,0
DA:35,0
DA:36,0
DA:37,0
DA:38,0
DA:40,0
DA:41,0
DA:42,0
DA:46,0
DA:47,0
DA:49,0
DA:50,0
DA:51,0
DA:52,0
DA:54,0
DA:55,0
DA:59,0
DA:61,0
DA:65,0
DA:66,0
DA:68,0
DA:69,0
DA:77,0
DA:83,0
DA:84,0
DA:85,0
DA:86,0
DA:87,0
DA:88,0
DA:90,0
DA:93,0
DA:147,0
DA:194,0
DA:210,0
DA:223,0
DA:240,0
DA:275,0
DA:276,0
DA:279,0
DA:290,0
DA:291,0
DA:292,0
DA:294,0
DA:295,0
DA:297,0
DA:298,0
DA:300,0
DA:301,0
DA:303,0
DA:306,0
DA:307,0
DA:308,0
DA:316,0
DA:317,0
DA:325,0
DA:326,0
DA:334,0
DA:342,0
DA:343,0
DA:388,0
DA:389,0
DA:406,0
DA:407,0
DA:424,0
LF:67
LH:0
BRDA:41,0,0,0
BRDA:41,0,1,0
BRDA:41,1,0,0
BRDA:41,1,1,0
BRDA:47,2,0,0
BRDA:47,2,1,0
BRDA:59,3,0,0
BRDA:59,3,1,0
BRDA:61,4,0,0
BRDA:61,4,1,0
BRDA:66,5,0,0
BRDA:66,5,1,0
BRDA:84,6,0,0
BRDA:84,6,1,0
BRDA:111,7,0,0
BRDA:111,7,1,0
BRDA:150,8,0,0
BRDA:150,8,1,0
BRDA:165,9,0,0
BRDA:165,9,1,0
BRDA:171,10,0,0
BRDA:171,10,1,0
BRDA:173,11,0,0
BRDA:173,11,1,0
BRDA:185,12,0,0
BRDA:185,12,1,0
BRDA:193,13,0,0
BRDA:193,13,1,0
BRDA:226,14,0,0
BRDA:226,14,1,0
BRDA:237,15,0,0
BRDA:237,15,1,0
BRDA:243,16,0,0
BRDA:243,16,1,0
BRDA:291,17,0,0
BRDA:291,17,1,0
BRDA:294,18,0,0
BRDA:294,18,1,0
BRDA:294,19,0,0
BRDA:294,19,1,0
BRDA:297,20,0,0
BRDA:297,20,1,0
BRDA:297,21,0,0
BRDA:297,21,1,0
BRDA:300,22,0,0
BRDA:300,22,1,0
BRDA:307,23,0,0
BRDA:307,23,1,0
BRDA:316,24,0,0
BRDA:316,24,1,0
BRDA:325,25,0,0
BRDA:325,25,1,0
BRDA:388,26,0,0
BRDA:388,26,1,0
BRDA:406,27,0,0
BRDA:406,27,1,0
BRDA:406,28,0,0
BRDA:406,28,1,0
BRF:58
BRH:0
end_of_record
TN:
SF:src\components\ScrollToTop.tsx
FN:5,(anonymous_0)
FN:8,(anonymous_1)
FN:9,(anonymous_2)
FN:19,(anonymous_3)
FN:22,(anonymous_4)
FNF:5
FNH:5
FNDA:8,(anonymous_0)
FNDA:4,(anonymous_1)
FNDA:4,(anonymous_2)
FNDA:4,(anonymous_3)
FNDA:1,(anonymous_4)
DA:5,1
DA:6,8
DA:8,8
DA:9,4
DA:10,4
DA:11,3
DA:13,1
DA:17,4
DA:19,4
DA:22,8
DA:23,1
DA:29,8
DA:30,5
DA:33,3
LF:14
LH:14
BRDA:10,0,0,3
BRDA:10,0,1,1
BRDA:29,1,0,5
BRDA:29,1,1,3
BRF:4
BRH:4
end_of_record
TN:
SF:src\components\ThemeToggle.tsx
FN:6,(anonymous_0)
FN:10,(anonymous_1)
FN:26,(anonymous_2)
FNF:3
FNH:3
FNDA:6,(anonymous_0)
FNDA:3,(anonymous_1)
FNDA:1,(anonymous_2)
DA:6,1
DA:7,6
DA:8,6
DA:10,6
DA:11,3
DA:14,6
DA:15,3
DA:22,3
DA:26,1
LF:9
LH:9
BRDA:14,0,0,3
BRDA:14,0,1,3
BRDA:26,1,0,0
BRDA:26,1,1,1
BRF:4
BRH:3
end_of_record
TN:
SF:src\components\UserSidebar.tsx
FN:19,NavItem
FN:39,getInitials
FN:41,(anonymous_2)
FN:46,(anonymous_3)
FN:50,(anonymous_4)
FN:52,(anonymous_5)
FN:95,(anonymous_6)
FN:96,(anonymous_7)
FN:97,(anonymous_8)
FN:105,(anonymous_9)
FNF:10
FNH:7
FNDA:38,NavItem
FNDA:9,getInitials
FNDA:18,(anonymous_2)
FNDA:10,(anonymous_3)
FNDA:1,(anonymous_4)
FNDA:1,(anonymous_5)
FNDA:1,(anonymous_6)
FNDA:0,(anonymous_7)
FNDA:0,(anonymous_8)
FNDA:0,(anonymous_9)
DA:20,38
DA:40,9
DA:41,18
DA:43,0
DA:46,1
DA:47,10
DA:48,10
DA:50,10
DA:52,10
DA:53,1
DA:54,1
DA:55,1
DA:58,10
DA:60,9
DA:62,9
DA:95,1
DA:96,0
DA:97,0
DA:105,0
LF:19
LH:15
BRDA:19,0,0,38
BRDA:24,1,0,9
BRDA:24,1,1,29
BRDA:32,2,0,38
BRDA:32,2,1,29
BRDA:40,3,0,9
BRDA:40,3,1,0
BRDA:43,4,0,0
BRDA:43,4,1,0
BRDA:58,5,0,1
BRDA:58,5,1,9
BRDA:69,6,0,1
BRDA:69,6,1,8
BRDA:77,7,0,10
BRDA:77,7,1,0
BRDA:80,8,0,10
BRDA:80,8,1,2
BRDA:99,9,0,10
BRDA:99,9,1,2
BRF:19
BRH:15
end_of_record
TN:
SF:src\contexts\AuthContext.tsx
FN:29,(anonymous_0)
FN:37,loadStoredUser
FN:46,(anonymous_2)
FN:50,(anonymous_3)
FN:56,(anonymous_4)
FN:67,(anonymous_5)
FN:72,(anonymous_6)
FN:75,(anonymous_7)
FN:95,(anonymous_8)
FN:119,(anonymous_9)
FN:130,(anonymous_10)
FN:131,(anonymous_11)
FNF:12
FNH:12
FNDA:52,(anonymous_0)
FNDA:18,loadStoredUser
FNDA:49,(anonymous_2)
FNDA:18,(anonymous_3)
FNDA:1,(anonymous_4)
FNDA:17,(anonymous_5)
FNDA:18,(anonymous_6)
FNDA:9,(anonymous_7)
FNDA:2,(anonymous_8)
FNDA:2,(anonymous_9)
FNDA:3,(anonymous_10)
FNDA:3,(anonymous_11)
DA:5,1
DA:27,1
DA:29,1
DA:30,52
DA:31,52
DA:32,4
DA:34,48
DA:38,18
DA:39,18
DA:40,18
DA:42,0
DA:46,1
DA:47,49
DA:48,49
DA:50,49
DA:52,18
DA:53,18
DA:55,18
DA:57,1
DA:64,1
DA:65,1
DA:69,17
DA:70,17
DA:72,18
DA:75,49
DA:76,9
DA:77,9
DA:78,7
DA:84,7
DA:85,7
DA:86,7
DA:87,7
DA:89,2
DA:90,2
DA:91,2
DA:95,49
DA:100,2
DA:101,2
DA:102,1
DA:108,1
DA:109,1
DA:110,1
DA:111,1
DA:113,1
DA:114,1
DA:115,1
DA:119,49
DA:120,2
DA:121,2
DA:125,2
DA:126,2
DA:127,2
DA:130,49
DA:131,3
DA:132,3
DA:133,2
DA:134,2
DA:135,2
DA:139,49
DA:140,49
DA:142,49
LF:61
LH:60
BRDA:31,0,0,4
BRDA:31,0,1,48
BRDA:40,1,0,2
BRDA:40,1,1,16
BRDA:53,2,0,2
BRDA:53,2,1,16
BRDA:89,3,0,1
BRDA:89,3,1,1
BRDA:113,4,0,1
BRDA:113,4,1,0
BRDA:132,5,0,1
BRDA:132,5,1,2
BRDA:139,6,0,49
BRDA:139,6,1,35
BRDA:140,7,0,1
BRDA:140,7,1,47
BRDA:140,8,0,12
BRDA:140,8,1,35
BRF:18
BRH:17
end_of_record
TN:
SF:src\contexts\CartContext.tsx
FN:24,(anonymous_0)
FN:27,(anonymous_1)
FN:28,(anonymous_2)
FN:29,(anonymous_3)
FN:31,(anonymous_4)
FN:41,(anonymous_5)
FN:42,(anonymous_6)
FN:42,(anonymous_7)
FN:45,(anonymous_8)
FN:50,(anonymous_9)
FN:51,(anonymous_10)
FN:57,(anonymous_11)
FN:61,(anonymous_12)
FN:62,(anonymous_13)
FN:65,(anonymous_14)
FN:66,(anonymous_15)
FN:86,(anonymous_16)
FNF:17
FNH:17
FNDA:29,(anonymous_0)
FNDA:22,(anonymous_1)
FNDA:22,(anonymous_2)
FNDA:9,(anonymous_3)
FNDA:3,(anonymous_4)
FNDA:4,(anonymous_5)
FNDA:4,(anonymous_6)
FNDA:5,(anonymous_7)
FNDA:4,(anonymous_8)
FNDA:2,(anonymous_9)
FNDA:3,(anonymous_10)
FNDA:1,(anonymous_11)
FNDA:2,(anonymous_12)
FNDA:2,(anonymous_13)
FNDA:2,(anonymous_14)
FNDA:2,(anonymous_15)
FNDA:33,(anonymous_16)
DA:22,1
DA:24,1
DA:25,29
DA:27,29
DA:28,22
DA:29,22
DA:30,22
DA:31,3
DA:32,3
DA:37,19
DA:41,29
DA:42,5
DA:45,29
DA:46,4
DA:47,2
DA:48,2
DA:50,2
DA:51,2
DA:52,3
DA:57,29
DA:58,1
DA:61,29
DA:62,2
DA:65,29
DA:66,2
DA:69,29
DA:86,1
DA:87,33
DA:88,33
DA:89,4
DA:91,29
LF:31
LH:31
BRDA:30,0,0,3
BRDA:30,0,1,19
BRDA:32,1,0,3
BRDA:32,1,1,0
BRDA:46,2,0,2
BRDA:46,2,1,2
BRDA:52,3,0,2
BRDA:52,3,1,1
BRDA:88,4,0,4
BRDA:88,4,1,29
BRF:10
BRH:9
end_of_record
TN:
SF:src\contexts\CategoryContext.tsx
FN:12,(anonymous_0)
FN:22,(anonymous_1)
FNF:2
FNH:2
FNDA:9,(anonymous_0)
FNDA:13,(anonymous_1)
DA:10,1
DA:12,1
DA:13,9
DA:15,9
DA:22,1
DA:23,13
DA:24,13
DA:25,4
DA:27,9
LF:9
LH:9
BRDA:24,0,0,4
BRDA:24,0,1,9
BRF:2
BRH:2
end_of_record
TN:
SF:src\contexts\SearchContext.tsx
FN:10,(anonymous_0)
FN:20,(anonymous_1)
FNF:2
FNH:2
FNDA:8,(anonymous_0)
FNDA:12,(anonymous_1)
DA:8,1
DA:10,1
DA:11,8
DA:13,8
DA:20,1
DA:21,12
DA:22,12
DA:23,4
DA:25,8
LF:9
LH:9
BRDA:22,0,0,4
BRDA:22,0,1,8
BRF:2
BRH:2
end_of_record
TN:
SF:src\contexts\ThemeContext.tsx
FN:12,(anonymous_0)
FNF:1
FNH:0
FNDA:0,(anonymous_0)
DA:12,0
DA:13,0
LF:2
LH:0
BRF:0
BRH:0
end_of_record
TN:
SF:src\hooks\use-mobile.tsx
FN:5,useIsMobile
FN:8,(anonymous_1)
FN:10,(anonymous_2)
FN:15,(anonymous_3)
FNF:4
FNH:0
FNDA:0,useIsMobile
FNDA:0,(anonymous_1)
FNDA:0,(anonymous_2)
FNDA:0,(anonymous_3)
DA:3,0
DA:6,0
DA:8,0
DA:9,0
DA:10,0
DA:11,0
DA:13,0
DA:14,0
DA:15,0
DA:18,0
LF:10
LH:0
BRF:0
BRH:0
end_of_record
TN:
SF:src\hooks\use-toast.ts
FN:27,genId
FN:58,(anonymous_1)
FN:63,(anonymous_2)
FN:74,(anonymous_3)
FN:85,(anonymous_4)
FN:98,(anonymous_5)
FN:105,(anonymous_6)
FN:124,(anonymous_7)
FN:133,dispatch
FN:135,(anonymous_9)
FN:142,toast
FN:145,(anonymous_11)
FN:150,(anonymous_12)
FN:158,(anonymous_13)
FN:171,useToast
FN:174,(anonymous_15)
FN:176,(anonymous_16)
FN:187,(anonymous_17)
FNF:18
FNH:0
FNDA:0,genId
FNDA:0,(anonymous_1)
FNDA:0,(anonymous_2)
FNDA:0,(anonymous_3)
FNDA:0,(anonymous_4)
FNDA:0,(anonymous_5)
FNDA:0,(anonymous_6)
FNDA:0,(anonymous_7)
FNDA:0,dispatch
FNDA:0,(anonymous_9)
FNDA:0,toast
FNDA:0,(anonymous_11)
FNDA:0,(anonymous_12)
FNDA:0,(anonymous_13)
FNDA:0,useToast
FNDA:0,(anonymous_15)
FNDA:0,(anonymous_16)
FNDA:0,(anonymous_17)
DA:8,0
DA:9,0
DA:18,0
DA:25,0
DA:28,0
DA:29,0
DA:56,0
DA:58,0
DA:59,0
DA:60,0
DA:63,0
DA:64,0
DA:65,0
DA:71,0
DA:74,0
DA:75,0
DA:77,0
DA:83,0
DA:86,0
DA:91,0
DA:95,0
DA:96,0
DA:98,0
DA:99,0
DA:103,0
DA:106,0
DA:116,0
DA:117,0
DA:122,0
DA:124,0
DA:129,0
DA:131,0
DA:134,0
DA:135,0
DA:136,0
DA:143,0
DA:145,0
DA:146,0
DA:150,0
DA:152,0
DA:159,0
DA:164,0
DA:172,0
DA:174,0
DA:175,0
DA:176,0
DA:177,0
DA:178,0
DA:179,0
DA:184,0
DA:187,0
LF:51
LH:0
BRDA:59,0,0,0
BRDA:59,0,1,0
BRDA:75,1,0,0
BRDA:75,1,1,0
BRDA:75,1,2,0
BRDA:75,1,3,0
BRDA:86,2,0,0
BRDA:86,2,1,0
BRDA:95,3,0,0
BRDA:95,3,1,0
BRDA:106,4,0,0
BRDA:106,4,1,0
BRDA:106,5,0,0
BRDA:106,5,1,0
BRDA:116,6,0,0
BRDA:116,6,1,0
BRDA:159,7,0,0
BRDA:159,7,1,0
BRDA:178,8,0,0
BRDA:178,8,1,0
BRF:20
BRH:0
end_of_record
TN:
SF:src\lib\api.ts
FN:3,request
FN:26,(anonymous_1)
FN:27,(anonymous_2)
FN:29,(anonymous_3)
FN:31,(anonymous_4)
FN:33,(anonymous_5)
FN:34,(anonymous_6)
FN:50,(anonymous_7)
FNF:8
FNH:0
FNDA:0,request
FNDA:0,(anonymous_1)
FNDA:0,(anonymous_2)
FNDA:0,(anonymous_3)
FNDA:0,(anonymous_4)
FNDA:0,(anonymous_5)
FNDA:0,(anonymous_6)
FNDA:0,(anonymous_7)
DA:1,0
DA:4,0
DA:8,0
DA:10,0
DA:11,0
DA:12,0
DA:13,0
DA:14,0
DA:18,0
DA:21,0
DA:22,0
DA:25,0
DA:26,0
DA:28,0
DA:30,0
DA:32,0
DA:33,0
DA:35,0
DA:40,0
DA:41,0
DA:42,0
DA:43,0
DA:44,0
DA:46,0
DA:48,0
DA:51,0
DA:52,0
DA:54,0
DA:60,0
DA:61,0
DA:62,0
DA:63,0
DA:64,0
DA:66,0
DA:69,0
DA:70,0
LF:36
LH:0
BRDA:1,0,0,0
BRDA:1,0,1,0
BRDA:3,1,0,0
BRDA:10,2,0,0
BRDA:10,2,1,0
BRDA:14,3,0,0
BRDA:14,3,1,0
BRDA:14,3,2,0
BRDA:14,3,3,0
BRDA:21,4,0,0
BRDA:21,4,1,0
BRDA:40,5,0,0
BRDA:40,5,1,0
BRDA:44,6,0,0
BRDA:44,6,1,0
BRDA:44,6,2,0
BRDA:44,6,3,0
BRDA:60,7,0,0
BRDA:60,7,1,0
BRDA:64,8,0,0
BRDA:64,8,1,0
BRDA:64,8,2,0
BRF:22
BRH:0
end_of_record
TN:
SF:src\lib\utils.ts
FN:4,cn
FNF:1
FNH:1
FNDA:2229,cn
DA:5,2229
LF:1
LH:1
BRF:0
BRH:0
end_of_record
TN:
SF:src\pages\AddressManagement.tsx
FN:18,(anonymous_0)
FN:25,AddressCard
FN:74,(anonymous_2)
FN:85,(anonymous_3)
FN:102,AddressForm
FN:112,(anonymous_5)
FN:113,(anonymous_6)
FN:114,(anonymous_7)
FN:116,(anonymous_8)
FN:118,(anonymous_9)
FN:124,(anonymous_10)
FN:139,(anonymous_11)
FN:214,(anonymous_12)
FN:225,(anonymous_13)
FN:237,(anonymous_14)
FN:242,(anonymous_15)
FN:246,(anonymous_16)
FN:247,(anonymous_17)
FN:257,(anonymous_18)
FN:261,(anonymous_19)
FN:262,(anonymous_20)
FN:265,(anonymous_21)
FN:276,(anonymous_22)
FN:280,(anonymous_23)
FN:299,(anonymous_24)
FN:310,(anonymous_25)
FN:318,(anonymous_26)
FN:324,(anonymous_27)
FN:341,(anonymous_28)
FNF:29
FNH:0
FNDA:0,(anonymous_0)
FNDA:0,AddressCard
FNDA:0,(anonymous_2)
FNDA:0,(anonymous_3)
FNDA:0,AddressForm
FNDA:0,(anonymous_5)
FNDA:0,(anonymous_6)
FNDA:0,(anonymous_7)
FNDA:0,(anonymous_8)
FNDA:0,(anonymous_9)
FNDA:0,(anonymous_10)
FNDA:0,(anonymous_11)
FNDA:0,(anonymous_12)
FNDA:0,(anonymous_13)
FNDA:0,(anonymous_14)
FNDA:0,(anonymous_15)
FNDA:0,(anonymous_16)
FNDA:0,(anonymous_17)
FNDA:0,(anonymous_18)
FNDA:0,(anonymous_19)
FNDA:0,(anonymous_20)
FNDA:0,(anonymous_21)
FNDA:0,(anonymous_22)
FNDA:0,(anonymous_23)
FNDA:0,(anonymous_24)
FNDA:0,(anonymous_25)
FNDA:0,(anonymous_26)
FNDA:0,(anonymous_27)
FNDA:0,(anonymous_28)
DA:18,0
DA:19,0
DA:20,0
DA:36,0
DA:74,0
DA:85,0
DA:97,0
DA:109,0
DA:110,0
DA:112,0
DA:113,0
DA:114,0
DA:116,0
DA:117,0
DA:118,0
DA:119,0
DA:120,0
DA:121,0
DA:122,0
DA:123,0
DA:124,0
DA:131,0
DA:139,0
DA:140,0
DA:141,0
DA:142,0
DA:144,0
DA:151,0
DA:214,0
DA:215,0
DA:216,0
DA:217,0
DA:219,0
DA:220,0
DA:221,0
DA:222,0
DA:223,0
DA:225,0
DA:226,0
DA:227,0
DA:228,0
DA:229,0
DA:231,0
DA:233,0
DA:237,0
DA:238,0
DA:239,0
DA:242,0
DA:243,0
DA:244,0
DA:245,0
DA:246,0
DA:247,0
DA:249,0
DA:251,0
DA:253,0
DA:257,0
DA:258,0
DA:259,0
DA:260,0
DA:261,0
DA:262,0
DA:263,0
DA:265,0
DA:268,0
DA:270,0
DA:272,0
DA:276,0
DA:277,0
DA:278,0
DA:279,0
DA:280,0
DA:281,0
DA:282,0
DA:284,0
DA:285,0
DA:287,0
DA:289,0
DA:293,0
DA:299,0
DA:310,0
DA:318,0
DA:324,0
DA:341,0
LF:84
LH:0
BRDA:20,0,0,0
BRDA:20,0,1,0
BRDA:37,1,0,0
BRDA:37,1,1,0
BRDA:46,2,0,0
BRDA:46,2,1,0
BRDA:48,3,0,0
BRDA:48,3,1,0
BRDA:56,4,0,0
BRDA:56,4,1,0
BRDA:68,5,0,0
BRDA:68,5,1,0
BRDA:119,6,0,0
BRDA:119,6,1,0
BRDA:123,7,0,0
BRDA:123,7,1,0
BRDA:140,8,0,0
BRDA:140,8,1,0
BRDA:140,9,0,0
BRDA:140,9,1,0
BRDA:140,9,2,0
BRDA:140,9,3,0
BRDA:140,9,4,0
BRDA:146,10,0,0
BRDA:146,10,1,0
BRDA:147,11,0,0
BRDA:147,11,1,0
BRDA:156,12,0,0
BRDA:156,12,1,0
BRDA:181,13,0,0
BRDA:181,13,1,0
BRDA:206,14,0,0
BRDA:206,14,1,0
BRDA:238,15,0,0
BRDA:238,15,1,0
BRDA:264,16,0,0
BRDA:264,16,1,0
BRDA:264,17,0,0
BRDA:264,17,1,0
BRDA:281,18,0,0
BRDA:281,18,1,0
BRDA:304,19,0,0
BRDA:304,19,1,0
BRDA:306,20,0,0
BRDA:306,20,1,0
BRDA:306,21,0,0
BRDA:306,21,1,0
BRDA:316,22,0,0
BRDA:316,22,1,0
BRDA:322,23,0,0
BRDA:322,23,1,0
BRF:51
BRH:0
end_of_record
TN:
SF:src\pages\Admin.tsx
FN:18,(anonymous_0)
FN:33,(anonymous_1)
FN:40,(anonymous_2)
FN:41,(anonymous_3)
FN:45,(anonymous_4)
FN:48,(anonymous_5)
FN:67,(anonymous_6)
FN:73,(anonymous_7)
FN:78,(anonymous_8)
FN:83,(anonymous_9)
FN:95,(anonymous_10)
FN:146,(anonymous_11)
FN:171,(anonymous_12)
FN:204,(anonymous_13)
FN:207,(anonymous_14)
FN:225,(anonymous_15)
FN:225,(anonymous_16)
FN:237,(anonymous_17)
FN:237,(anonymous_18)
FNF:19
FNH:8
FNDA:17,(anonymous_0)
FNDA:8,(anonymous_1)
FNDA:8,(anonymous_2)
FNDA:0,(anonymous_3)
FNDA:8,(anonymous_4)
FNDA:4,(anonymous_5)
FNDA:8,(anonymous_6)
FNDA:0,(anonymous_7)
FNDA:1,(anonymous_8)
FNDA:0,(anonymous_9)
FNDA:0,(anonymous_10)
FNDA:0,(anonymous_11)
FNDA:5,(anonymous_12)
FNDA:0,(anonymous_13)
FNDA:0,(anonymous_14)
FNDA:0,(anonymous_15)
FNDA:0,(anonymous_16)
FNDA:0,(anonymous_17)
FNDA:0,(anonymous_18)
DA:16,1
DA:18,1
DA:19,17
DA:20,17
DA:22,17
DA:23,17
DA:24,17
DA:25,17
DA:27,17
DA:28,17
DA:29,17
DA:30,17
DA:31,17
DA:33,17
DA:34,8
DA:35,2
DA:40,17
DA:41,8
DA:42,0
DA:43,0
DA:45,8
DA:48,17
DA:49,4
DA:50,4
DA:51,4
DA:56,4
DA:57,4
DA:58,4
DA:60,0
DA:61,0
DA:63,4
DA:67,17
DA:68,8
DA:69,4
DA:73,17
DA:74,0
DA:75,0
DA:78,17
DA:79,1
DA:80,1
DA:83,17
DA:84,0
DA:85,0
DA:86,0
DA:87,0
DA:88,0
DA:90,0
DA:91,0
DA:95,17
DA:96,0
DA:97,0
DA:100,17
DA:101,2
DA:104,15
DA:105,2
DA:108,13
DA:109,17
DA:111,17
DA:146,0
DA:171,5
DA:204,0
DA:207,0
DA:225,0
DA:237,0
LF:64
LH:44
BRDA:34,0,0,2
BRDA:34,0,1,6
BRDA:34,1,0,8
BRDA:34,1,1,6
BRDA:34,1,2,5
BRDA:54,2,0,4
BRDA:54,2,1,4
BRDA:68,3,0,4
BRDA:68,3,1,4
BRDA:68,4,0,8
BRDA:68,4,1,5
BRDA:84,5,0,0
BRDA:84,5,1,0
BRDA:90,6,0,0
BRDA:90,6,1,0
BRDA:100,7,0,2
BRDA:100,7,1,15
BRDA:104,8,0,2
BRDA:104,8,1,13
BRDA:104,9,0,15
BRDA:104,9,1,14
BRDA:108,10,0,8
BRDA:108,10,1,5
BRDA:154,11,0,4
BRDA:154,11,1,9
BRDA:156,12,0,4
BRDA:156,12,1,5
BRDA:158,13,0,0
BRDA:158,13,1,4
BRDA:174,14,0,5
BRDA:174,14,1,5
BRDA:185,15,0,0
BRDA:185,15,1,5
BRDA:216,16,0,17
BRDA:216,16,1,0
BRDA:226,17,0,0
BRDA:226,17,1,0
BRDA:238,18,0,0
BRDA:238,18,1,0
BRF:39
BRH:28
end_of_record
TN:
SF:src\pages\Auth.tsx
FN:11,(anonymous_0)
FN:28,(anonymous_1)
FN:32,(anonymous_2)
FN:44,(anonymous_3)
FN:139,(anonymous_4)
FN:189,(anonymous_5)
FN:189,(anonymous_6)
FN:205,(anonymous_7)
FN:205,(anonymous_8)
FN:210,(anonymous_9)
FN:210,(anonymous_10)
FN:249,(anonymous_11)
FN:249,(anonymous_12)
FN:264,(anonymous_13)
FN:264,(anonymous_14)
FN:280,(anonymous_15)
FN:280,(anonymous_16)
FN:285,(anonymous_17)
FN:285,(anonymous_18)
FN:304,(anonymous_19)
FN:304,(anonymous_20)
FN:309,(anonymous_21)
FN:309,(anonymous_22)
FNF:23
FNH:16
FNDA:81,(anonymous_0)
FNDA:11,(anonymous_1)
FNDA:3,(anonymous_2)
FNDA:2,(anonymous_3)
FNDA:0,(anonymous_4)
FNDA:3,(anonymous_5)
FNDA:3,(anonymous_6)
FNDA:3,(anonymous_7)
FNDA:3,(anonymous_8)
FNDA:0,(anonymous_9)
FNDA:0,(anonymous_10)
FNDA:4,(anonymous_11)
FNDA:4,(anonymous_12)
FNDA:13,(anonymous_13)
FNDA:13,(anonymous_14)
FNDA:19,(anonymous_15)
FNDA:19,(anonymous_16)
FNDA:0,(anonymous_17)
FNDA:0,(anonymous_18)
FNDA:20,(anonymous_19)
FNDA:20,(anonymous_20)
FNDA:0,(anonymous_21)
FNDA:0,(anonymous_22)
DA:11,1
DA:12,81
DA:13,81
DA:14,81
DA:15,81
DA:16,81
DA:17,81
DA:24,81
DA:25,81
DA:26,81
DA:28,81
DA:29,11
DA:32,81
DA:33,3
DA:34,3
DA:35,3
DA:36,3
DA:37,1
DA:39,2
DA:41,3
DA:44,81
DA:45,2
DA:46,2
DA:47,1
DA:48,1
DA:50,1
DA:51,0
DA:52,0
DA:54,1
DA:55,1
DA:56,1
DA:57,0
DA:59,1
DA:61,1
DA:65,81
DA:68,81
DA:139,0
DA:189,3
DA:205,3
DA:210,0
DA:249,4
DA:264,13
DA:280,19
DA:285,0
DA:304,20
DA:309,0
LF:46
LH:39
BRDA:29,0,0,1
BRDA:29,0,1,10
BRDA:36,1,0,1
BRDA:36,1,1,2
BRDA:46,2,0,1
BRDA:46,2,1,1
BRDA:50,3,0,0
BRDA:50,3,1,1
BRDA:56,4,0,0
BRDA:56,4,1,1
BRDA:65,5,0,81
BRDA:65,5,1,22
BRDA:201,6,0,0
BRDA:201,6,1,81
BRDA:214,7,0,0
BRDA:214,7,1,81
BRDA:224,8,0,4
BRDA:224,8,1,77
BRDA:276,9,0,0
BRDA:276,9,1,81
BRDA:289,10,0,0
BRDA:289,10,1,81
BRDA:300,11,0,0
BRDA:300,11,1,81
BRDA:302,12,0,18
BRDA:302,12,1,63
BRDA:313,13,0,0
BRDA:313,13,1,81
BRDA:316,14,0,81
BRDA:316,14,1,18
BRDA:324,15,0,81
BRDA:324,15,1,77
BRDA:326,16,0,4
BRDA:326,16,1,77
BRF:34
BRH:26
end_of_record
TN:
SF:src\pages\CentralAjuda.tsx
FN:7,(anonymous_0)
FNF:1
FNH:1
FNDA:4,(anonymous_0)
DA:7,1
DA:8,4
LF:2
LH:2
BRF:0
BRH:0
end_of_record
TN:
SF:src\pages\Contato.tsx
FN:11,(anonymous_0)
FNF:1
FNH:1
FNDA:3,(anonymous_0)
DA:11,1
DA:12,3
LF:2
LH:2
BRF:0
BRH:0
end_of_record
TN:
SF:src\pages\FreteEntrega.tsx
FN:7,(anonymous_0)
FNF:1
FNH:1
FNDA:3,(anonymous_0)
DA:7,1
DA:8,3
LF:2
LH:2
BRF:0
BRH:0
end_of_record
TN:
SF:src\pages\Index.tsx
FN:9,(anonymous_0)
FNF:1
FNH:1
FNDA:10,(anonymous_0)
DA:9,1
DA:10,10
DA:12,10
LF:3
LH:3
BRDA:17,0,0,8
BRDA:17,0,1,2
BRF:2
BRH:2
end_of_record
TN:
SF:src\pages\NotFound.tsx
FN:4,(anonymous_0)
FN:7,(anonymous_1)
FNF:2
FNH:2
FNDA:2,(anonymous_0)
FNDA:2,(anonymous_1)
DA:4,1
DA:5,2
DA:7,2
DA:8,2
DA:14,2
LF:5
LH:5
BRF:0
BRH:0
end_of_record
TN:
SF:src\pages\OrderHistory.tsx
FN:30,formatDate
FN:37,OrderCard
FN:62,(anonymous_2)
FN:62,(anonymous_3)
FN:80,(anonymous_4)
FN:116,PaginationControls
FN:135,(anonymous_6)
FN:140,(anonymous_7)
FN:148,(anonymous_8)
FN:159,(anonymous_9)
FN:167,(anonymous_10)
FN:176,(anonymous_11)
FN:188,(anonymous_12)
FN:196,(anonymous_13)
FN:207,(anonymous_14)
FN:222,(anonymous_15)
FN:229,(anonymous_16)
FN:244,(anonymous_17)
FNF:18
FNH:8
FNDA:2,formatDate
FNDA:2,OrderCard
FNDA:0,(anonymous_2)
FNDA:0,(anonymous_3)
FNDA:0,(anonymous_4)
FNDA:2,PaginationControls
FNDA:0,(anonymous_6)
FNDA:0,(anonymous_7)
FNDA:0,(anonymous_8)
FNDA:0,(anonymous_9)
FNDA:21,(anonymous_10)
FNDA:17,(anonymous_11)
FNDA:18,(anonymous_12)
FNDA:0,(anonymous_13)
FNDA:0,(anonymous_14)
FNDA:45,(anonymous_15)
FNDA:2,(anonymous_16)
FNDA:0,(anonymous_17)
DA:20,1
DA:22,1
DA:31,2
DA:38,2
DA:40,2
DA:62,0
DA:80,0
DA:119,2
DA:121,0
DA:122,0
DA:123,0
DA:124,0
DA:125,0
DA:126,0
DA:130,0
DA:135,0
DA:141,0
DA:148,0
DA:159,0
DA:167,1
DA:168,21
DA:169,21
DA:170,21
DA:172,21
DA:173,21
DA:174,21
DA:176,21
DA:177,17
DA:178,17
DA:179,17
DA:180,17
DA:182,0
DA:184,17
DA:188,21
DA:189,18
DA:190,1
DA:191,1
DA:193,17
DA:196,21
DA:197,0
DA:198,0
DA:201,21
DA:207,0
DA:222,45
DA:229,2
DA:244,0
LF:46
LH:28
BRDA:55,0,0,2
BRDA:55,0,1,0
BRDA:56,1,0,2
BRDA:56,1,1,0
BRDA:66,2,0,0
BRDA:66,2,1,2
BRDA:72,3,0,2
BRDA:72,3,1,0
BRDA:95,4,0,0
BRDA:95,4,1,0
BRDA:101,5,0,0
BRDA:101,5,1,0
BRDA:102,6,0,0
BRDA:102,6,1,0
BRDA:102,6,2,0
BRDA:119,7,0,2
BRDA:119,7,1,0
BRDA:123,8,0,0
BRDA:123,8,1,0
BRDA:123,9,0,0
BRDA:123,9,1,0
BRDA:123,9,2,0
BRDA:125,10,0,0
BRDA:125,10,1,0
BRDA:141,11,0,0
BRDA:141,11,1,0
BRDA:146,12,0,0
BRDA:146,12,1,0
BRDA:189,13,0,1
BRDA:189,13,1,17
BRDA:212,14,0,21
BRDA:212,14,1,14
BRDA:214,15,0,8
BRDA:214,15,1,6
BRDA:214,16,0,8
BRDA:214,16,1,6
BRDA:220,17,0,15
BRDA:220,17,1,6
BRDA:226,18,0,2
BRDA:226,18,1,4
BRDA:226,19,0,6
BRDA:226,19,1,6
BRF:42
BRH:19
end_of_record
TN:
SF:src\pages\PoliticaDevolucao.tsx
FN:7,(anonymous_0)
FNF:1
FNH:1
FNDA:4,(anonymous_0)
DA:7,1
DA:8,4
LF:2
LH:2
BRF:0
BRH:0
end_of_record
TN:
SF:src\pages\Profile.tsx
FN:15,getInitials
FN:17,(anonymous_1)
FN:22,(anonymous_2)
FN:36,(anonymous_3)
FN:43,(anonymous_4)
FN:49,(anonymous_5)
FN:50,(anonymous_6)
FN:53,(anonymous_7)
FN:70,(anonymous_8)
FN:96,(anonymous_9)
FN:120,(anonymous_10)
FN:168,(anonymous_11)
FN:182,(anonymous_12)
FNF:13
FNH:8
FNDA:22,getInitials
FNDA:11,(anonymous_1)
FNDA:22,(anonymous_2)
FNDA:10,(anonymous_3)
FNDA:7,(anonymous_4)
FNDA:1,(anonymous_5)
FNDA:8,(anonymous_6)
FNDA:0,(anonymous_7)
FNDA:1,(anonymous_8)
FNDA:0,(anonymous_9)
FNDA:0,(anonymous_10)
FNDA:0,(anonymous_11)
FNDA:0,(anonymous_12)
DA:16,22
DA:17,11
DA:19,11
DA:22,1
DA:23,22
DA:24,22
DA:25,22
DA:27,22
DA:28,22
DA:29,22
DA:30,22
DA:31,22
DA:32,22
DA:33,22
DA:34,22
DA:36,22
DA:37,10
DA:38,9
DA:39,8
DA:40,8
DA:42,8
DA:44,7
DA:45,7
DA:46,7
DA:47,7
DA:49,1
DA:50,8
DA:53,22
DA:54,0
DA:55,0
DA:56,0
DA:57,0
DA:58,0
DA:59,0
DA:60,0
DA:61,0
DA:63,0
DA:65,0
DA:66,0
DA:70,22
DA:71,1
DA:72,1
DA:73,1
DA:78,1
DA:79,1
DA:80,1
DA:82,0
DA:84,1
DA:88,22
DA:90,22
DA:96,0
DA:120,0
DA:168,0
DA:182,0
LF:54
LH:38
BRDA:16,0,0,11
BRDA:16,0,1,11
BRDA:19,1,0,11
BRDA:19,1,1,0
BRDA:37,2,0,1
BRDA:37,2,1,9
BRDA:38,3,0,1
BRDA:38,3,1,8
BRDA:39,4,0,0
BRDA:39,4,1,8
BRDA:45,5,0,7
BRDA:45,5,1,0
BRDA:46,6,0,7
BRDA:46,6,1,0
BRDA:55,7,0,0
BRDA:55,7,1,0
BRDA:74,8,0,1
BRDA:74,8,1,0
BRDA:75,9,0,1
BRDA:75,9,1,0
BRDA:76,10,0,1
BRDA:76,10,1,1
BRDA:88,11,0,22
BRDA:88,11,1,11
BRDA:88,12,0,22
BRDA:88,12,1,2
BRDA:102,13,0,12
BRDA:102,13,1,10
BRDA:123,14,0,0
BRDA:123,14,1,10
BRDA:131,15,0,0
BRDA:131,15,1,10
BRDA:146,16,0,10
BRDA:146,16,1,1
BRDA:195,17,0,10
BRDA:195,17,1,1
BRDA:203,18,0,1
BRDA:203,18,1,9
BRF:38
BRH:28
end_of_record
TN:
SF:src\services\addressService.ts
FN:30,(anonymous_0)
FN:33,(anonymous_1)
FN:36,(anonymous_2)
FN:39,(anonymous_3)
FNF:4
FNH:4
FNDA:2,(anonymous_0)
FNDA:2,(anonymous_1)
FNDA:1,(anonymous_2)
FNDA:1,(anonymous_3)
DA:29,1
DA:31,2
DA:34,2
DA:37,1
DA:40,1
LF:5
LH:5
BRF:0
BRH:0
end_of_record
TN:
SF:src\services\authService.ts
FN:24,(anonymous_0)
FN:27,(anonymous_1)
FN:30,(anonymous_2)
FN:33,(anonymous_3)
FNF:4
FNH:4
FNDA:2,(anonymous_0)
FNDA:2,(anonymous_1)
FNDA:1,(anonymous_2)
FNDA:2,(anonymous_3)
DA:23,1
DA:25,2
DA:28,2
DA:31,1
DA:34,2
LF:5
LH:5
BRF:0
BRH:0
end_of_record
TN:
SF:src\services\orderService.ts
FN:66,toApiPaymentMethod
FN:86,(anonymous_1)
FN:89,(anonymous_2)
FN:92,(anonymous_3)
FNF:4
FNH:4
FNDA:6,toApiPaymentMethod
FNDA:1,(anonymous_1)
FNDA:2,(anonymous_2)
FNDA:1,(anonymous_3)
DA:59,1
DA:67,6
DA:70,1
DA:77,1
DA:85,1
DA:87,1
DA:90,2
DA:93,1
LF:8
LH:8
BRDA:67,0,0,6
BRDA:67,0,1,2
BRDA:89,1,0,2
BRDA:89,2,0,2
BRF:4
BRH:4
end_of_record
TN:
SF:src\services\productService.ts
FN:57,capitalize
FN:62,(anonymous_1)
FN:88,(anonymous_2)
FN:91,(anonymous_3)
FN:94,(anonymous_4)
FN:97,(anonymous_5)
FN:100,(anonymous_6)
FNF:7
FNH:7
FNDA:2,capitalize
FNDA:8,(anonymous_1)
FNDA:3,(anonymous_2)
FNDA:1,(anonymous_3)
FNDA:1,(anonymous_4)
FNDA:1,(anonymous_5)
FNDA:1,(anonymous_6)
DA:58,2
DA:61,1
DA:72,8
DA:73,8
DA:74,2
DA:76,8
DA:77,8
DA:78,8
DA:79,8
DA:80,8
DA:81,8
DA:82,8
DA:84,8
DA:85,8
DA:89,3
DA:92,1
DA:95,1
DA:98,1
DA:101,1
LF:19
LH:19
BRDA:62,0,0,8
BRDA:73,1,0,2
BRDA:73,1,1,6
BRDA:73,2,0,8
BRDA:73,2,1,3
BRDA:76,3,0,2
BRDA:76,3,1,6
BRDA:77,4,0,1
BRDA:77,4,1,7
BRDA:78,5,0,0
BRDA:78,5,1,8
BRDA:79,6,0,2
BRDA:79,6,1,6
BRDA:80,7,0,2
BRDA:80,7,1,6
BRDA:81,8,0,1
BRDA:81,8,1,7
BRDA:82,9,0,1
BRDA:82,9,1,7
BRDA:85,10,0,6
BRDA:85,10,1,2
BRDA:88,11,0,3
BRF:22
BRH:21
end_of_record
TN:
SF:src\services\userService.ts
FN:19,(anonymous_0)
FN:20,(anonymous_1)
FN:21,(anonymous_2)
FNF:3
FNH:3
FNDA:2,(anonymous_0)
FNDA:2,(anonymous_1)
FNDA:1,(anonymous_2)
DA:18,1
DA:19,2
DA:20,2
DA:22,1
DA:23,1
DA:24,1
LF:6
LH:6
BRF:0
BRH:0
end_of_record
